<?xml version="1.0" encoding="UTF-8"?>
<!-- Generated by org.testng.reporters.JUnitReportReporter -->
<testsuite hostname="Viggy" failures="0" tests="1" name="testcases.TestCases" time="7.592" errors="0" timestamp="2024-05-14T23:48:43 IST" skipped="0">
  <testcase classname="testcases.TestCases" name="verifyRegisterAndLogIn" time="7.592"/>
  <system-out/>
</testsuite> <!-- testcases.TestCases -->
