<?xml version="1.0" encoding="UTF-8"?>
<!-- Generated by org.testng.reporters.JUnitReportReporter -->
<testsuite hostname="Yash" failures="0" tests="1" name="testcases.TestCases" time="1.292" errors="0" timestamp="2024-05-04T23:46:29 IST" skipped="0">
  <testcase classname="testcases.TestCases" name="verifyRegisterAndLogIn" time="1.292"/>
</testsuite> <!-- testcases.TestCases -->
