<?xml version="1.0" encoding="UTF-8"?>
<!-- Generated by org.testng.reporters.JUnitReportReporter -->
<testsuite hostname="Yash" failures="0" tests="1" name="testcases.TestCases" time="2.064" errors="0" timestamp="2024-05-08T00:04:22 IST" skipped="0">
  <testcase classname="testcases.TestCases" name="verifyRegisterAndLogIn" time="2.064"/>
</testsuite> <!-- testcases.TestCases -->
